# JRE version: Java(TM) SE Runtime Environment (8.0-b114) (build 1.8.0-ea-b114)
# Java VM: Java HotSpot(TM) 64-Bit Server VM (25.0-b56 mixed mode bsd-amd64 compressed oops)
Heap:
 PSYoungGen      total 76800K, used 3377K [0x00000007aaa80000, 0x00000007b1e00000, 0x0000000800000000)
  eden space 66048K, 2% used [0x00000007aaa80000,0x00000007aac2c758,0x00000007aeb00000)
  from space 10752K, 15% used [0x00000007aeb00000,0x00000007aeca0010,0x00000007af580000)
  to   space 13312K, 0% used [0x00000007b1100000,0x00000007b1100000,0x00000007b1e00000)
 ParOldGen       total 111104K, used 9434K [0x0000000700000000, 0x0000000706c80000, 0x00000007aaa80000)
  object space 111104K, 8% used [0x0000000700000000,0x0000000700936a30,0x0000000706c80000)
 Metaspace       used 22806K, capacity 23420K, committed 23600K, reserved 1069056K
  class space    used 3143K, capacity 3299K, committed 3376K, reserved 1048576K
GC Heap History (10 events):
Event: 2.415 GC heap before
{Heap before GC invocations=2 (full 0):
 PSYoungGen      total 76800K, used 72604K [0x00000007aaa80000, 0x00000007b0000000, 0x0000000800000000)
  eden space 66048K, 100% used [0x00000007aaa80000,0x00000007aeb00000,0x00000007aeb00000)
  from space 10752K, 60% used [0x00000007aeb00000,0x00000007af167290,0x00000007af580000)
  to   space 10752K, 0% used [0x00000007af580000,0x00000007af580000,0x00000007b0000000)
 ParOldGen       total 174592K, used 80K [0x0000000700000000, 0x000000070aa80000, 0x00000007aaa80000)
  object space 174592K, 0% used [0x0000000700000000,0x0000000700014010,0x000000070aa80000)
 Metaspace       used 19996K, capacity 20458K, committed 20736K, reserved 1067008K
  class space    used 2827K, capacity 2964K, committed 3072K, reserved 1048576K
Event: 2.423 GC heap after
Heap after GC invocations=2 (full 0):
 PSYoungGen      total 76800K, used 9523K [0x00000007aaa80000, 0x00000007b0000000, 0x0000000800000000)
  eden space 66048K, 0% used [0x00000007aaa80000,0x00000007aaa80000,0x00000007aeb00000)
  from space 10752K, 88% used [0x00000007af580000,0x00000007afeccc60,0x00000007b0000000)
  to   space 10752K, 0% used [0x00000007aeb00000,0x00000007aeb00000,0x00000007af580000)
 ParOldGen       total 174592K, used 88K [0x0000000700000000, 0x000000070aa80000, 0x00000007aaa80000)
  object space 174592K, 0% used [0x0000000700000000,0x0000000700016010,0x000000070aa80000)
 Metaspace       used 19996K, capacity 20458K, committed 20736K, reserved 1067008K
  class space    used 2827K, capacity 2964K, committed 3072K, reserved 1048576K
}
Event: 2.857 GC heap before
{Heap before GC invocations=3 (full 0):
 PSYoungGen      total 76800K, used 27926K [0x00000007aaa80000, 0x00000007b0000000, 0x0000000800000000)
  eden space 66048K, 27% used [0x00000007aaa80000,0x00000007abc78e38,0x00000007aeb00000)
  from space 10752K, 88% used [0x00000007af580000,0x00000007afeccc60,0x00000007b0000000)
  to   space 10752K, 0% used [0x00000007aeb00000,0x00000007aeb00000,0x00000007af580000)
 ParOldGen       total 174592K, used 88K [0x0000000700000000, 0x000000070aa80000, 0x00000007aaa80000)
  object space 174592K, 0% used [0x0000000700000000,0x0000000700016010,0x000000070aa80000)
 Metaspace       used 20743K, capacity 21206K, committed 21296K, reserved 1067008K
  class space    used 2930K, capacity 3077K, committed 3120K, reserved 1048576K
Event: 2.863 GC heap after
Heap after GC invocations=3 (full 0):
 PSYoungGen      total 76800K, used 9518K [0x00000007aaa80000, 0x00000007b0000000, 0x0000000800000000)
  eden space 66048K, 0% used [0x00000007aaa80000,0x00000007aaa80000,0x00000007aeb00000)
  from space 10752K, 88% used [0x00000007aeb00000,0x00000007af44b8e0,0x00000007af580000)
  to   space 10752K, 0% used [0x00000007af580000,0x00000007af580000,0x00000007b0000000)
 ParOldGen       total 174592K, used 96K [0x0000000700000000, 0x000000070aa80000, 0x00000007aaa80000)
  object space 174592K, 0% used [0x0000000700000000,0x0000000700018010,0x000000070aa80000)
 Metaspace       used 20743K, capacity 21206K, committed 21296K, reserved 1067008K
  class space    used 2930K, capacity 3077K, committed 3120K, reserved 1048576K
}
Event: 2.863 GC heap before
{Heap before GC invocations=4 (full 1):
 PSYoungGen      total 76800K, used 9518K [0x00000007aaa80000, 0x00000007b0000000, 0x0000000800000000)
  eden space 66048K, 0% used [0x00000007aaa80000,0x00000007aaa80000,0x00000007aeb00000)
  from space 10752K, 88% used [0x00000007aeb00000,0x00000007af44b8e0,0x00000007af580000)
  to   space 10752K, 0% used [0x00000007af580000,0x00000007af580000,0x00000007b0000000)
 ParOldGen       total 174592K, used 96K [0x0000000700000000, 0x000000070aa80000, 0x00000007aaa80000)
  object space 174592K, 0% used [0x0000000700000000,0x0000000700018010,0x000000070aa80000)
 Metaspace       used 20743K, capacity 21206K, committed 21296K, reserved 1067008K
  class space    used 2930K, capacity 3077K, committed 3120K, reserved 1048576K
Event: 2.889 GC heap after
Heap after GC invocations=4 (full 1):
 PSYoungGen      total 76800K, used 0K [0x00000007aaa80000, 0x00000007b0000000, 0x0000000800000000)
  eden space 66048K, 0% used [0x00000007aaa80000,0x00000007aaa80000,0x00000007aeb00000)
  from space 10752K, 0% used [0x00000007aeb00000,0x00000007aeb00000,0x00000007af580000)
  to   space 10752K, 0% used [0x00000007af580000,0x00000007af580000,0x00000007b0000000)
 ParOldGen       total 111104K, used 9418K [0x0000000700000000, 0x0000000706c80000, 0x00000007aaa80000)
  object space 111104K, 8% used [0x0000000700000000,0x0000000700932a30,0x0000000706c80000)
 Metaspace       used 20726K, capacity 21184K, committed 21296K, reserved 1067008K
  class space    used 2924K, capacity 3071K, committed 3120K, reserved 1048576K
}
Event: 3.774 GC heap before
{Heap before GC invocations=5 (full 1):
 PSYoungGen      total 76800K, used 66048K [0x00000007aaa80000, 0x00000007b0000000, 0x0000000800000000)
  eden space 66048K, 100% used [0x00000007aaa80000,0x00000007aeb00000,0x00000007aeb00000)
  from space 10752K, 0% used [0x00000007aeb00000,0x00000007aeb00000,0x00000007af580000)
  to   space 10752K, 0% used [0x00000007af580000,0x00000007af580000,0x00000007b0000000)
 ParOldGen       total 111104K, used 9418K [0x0000000700000000, 0x0000000706c80000, 0x00000007aaa80000)
  object space 111104K, 8% used [0x0000000700000000,0x0000000700932a30,0x0000000706c80000)
 Metaspace       used 21155K, capacity 21650K, committed 21808K, reserved 1069056K
  class space    used 2952K, capacity 3098K, committed 3120K, reserved 1048576K
Event: 3.776 GC heap after
Heap after GC invocations=5 (full 1):
 PSYoungGen      total 76800K, used 528K [0x00000007aaa80000, 0x00000007b1b00000, 0x0000000800000000)
  eden space 66048K, 0% used [0x00000007aaa80000,0x00000007aaa80000,0x00000007aeb00000)
  from space 10752K, 4% used [0x00000007af580000,0x00000007af604010,0x00000007b0000000)
  to   space 10752K, 0% used [0x00000007aeb00000,0x00000007aeb00000,0x00000007af580000)
 ParOldGen       total 111104K, used 9426K [0x0000000700000000, 0x0000000706c80000, 0x00000007aaa80000)
  object space 111104K, 8% used [0x0000000700000000,0x0000000700934a30,0x0000000706c80000)
 Metaspace       used 21155K, capacity 21650K, committed 21808K, reserved 1069056K
  class space    used 2952K, capacity 3098K, committed 3120K, reserved 1048576K
}
Event: 4.535 GC heap before
{Heap before GC invocations=6 (full 1):
 PSYoungGen      total 76800K, used 66576K [0x00000007aaa80000, 0x00000007b1b00000, 0x0000000800000000)
  eden space 66048K, 100% used [0x00000007aaa80000,0x00000007aeb00000,0x00000007aeb00000)
  from space 10752K, 4% used [0x00000007af580000,0x00000007af604010,0x00000007b0000000)
  to   space 10752K, 0% used [0x00000007aeb00000,0x00000007aeb00000,0x00000007af580000)
 ParOldGen       total 111104K, used 9426K [0x0000000700000000, 0x0000000706c80000, 0x00000007aaa80000)
  object space 111104K, 8% used [0x0000000700000000,0x0000000700934a30,0x0000000706c80000)
 Metaspace       used 22802K, capacity 23420K, committed 23600K, reserved 1069056K
  class space    used 3142K, capacity 3299K, committed 3376K, reserved 1048576K
Event: 4.538 GC heap after
Heap after GC invocations=6 (full 1):
 PSYoungGen      total 76800K, used 1664K [0x00000007aaa80000, 0x00000007b1e00000, 0x0000000800000000)
  eden space 66048K, 0% used [0x00000007aaa80000,0x00000007aaa80000,0x00000007aeb00000)
  from space 10752K, 15% used [0x00000007aeb00000,0x00000007aeca0010,0x00000007af580000)
  to   space 13312K, 0% used [0x00000007b1100000,0x00000007b1100000,0x00000007b1e00000)
 ParOldGen       total 111104K, used 9434K [0x0000000700000000, 0x0000000706c80000, 0x00000007aaa80000)
  object space 111104K, 8% used [0x0000000700000000,0x0000000700936a30,0x0000000706c80000)
 Metaspace       used 22802K, capacity 23420K, committed 23600K, reserved 1069056K
  class space    used 3142K, capacity 3299K, committed 3376K, reserved 1048576K
}

